<?xml version="1.0" encoding="UTF-8"?>
<!-- Generated by org.testng.reporters.JUnitXMLReporter -->
<testsuite ignored="0" hostname="DESKTOP-KLM4D1V" failures="0" tests="4" name="Default test" time="33.365" errors="0" timestamp="2026-08-14T01:16:08 IST">
  <testcase classname="testcases.LoginTestCases" name="verifyInvalidCredentialFunctionality" time="0.7"/>
  <testcase classname="testcases.LoginTestCases" name="verifyInvalidCredentialFunctionality" time="0.713"/>
  <testcase classname="testcases.LoginTestCases" name="verifyInvalidCredentialFunctionality" time="0.802"/>
  <testcase classname="testcases.LoginTestCases" name="verifySuccessfulLogin" time="1.316"/>
</testsuite> <!-- Default test -->
