<?xml version="1.0" encoding="UTF-8"?>
<!-- Generated by org.testng.reporters.JUnitXMLReporter -->
<testsuite ignored="1" hostname="DESKTOP-KLM4D1V" failures="0" tests="1" name="Test" time="3.099" errors="0" timestamp="2026-08-13T02:28:02 IST">
  <testcase classname="testcases.LoginTestCases" name="verifySuccessfulLogin" time="1.021"/>
  <testcase classname="testcases.LoginTestCases" name="verifyInvalidCredentialFunctionality" time="0.0">
    <ignored/>
  </testcase> <!-- verifyInvalidCredentialFunctionality -->
</testsuite> <!-- Test -->
