<?xml version="1.0" encoding="UTF-8"?>
<testng-results ignored="1" total="2" passed="1" failed="0" skipped="0">
  <reporter-output>
  </reporter-output>
  <suite started-at="2026-08-14T01:17:01 IST" name="Suite" finished-at="2026-08-14T01:17:05 IST" duration-ms="3968">
    <groups>
      <group name="Sprint 1">
        <method signature="LoginTestCases.verifySuccessfulLogin()[pri:0, instance:testcases.LoginTestCases@10d307f1]" name="verifySuccessfulLogin" class="testcases.LoginTestCases"/>
      </group> <!-- Sprint 1 -->
    </groups>
    <test started-at="2026-08-14T01:17:01 IST" name="Test" finished-at="2026-08-14T01:17:05 IST" duration-ms="3968">
      <class name="testcases.LoginTestCases">
        <test-method is-config="true" signature="startExtendReport()[pri:0, instance:testcases.LoginTestCases@10d307f1]" started-at="2026-08-14T01:17:01 IST" name="startExtendReport" finished-at="2026-08-14T01:17:01 IST" duration-ms="176" status="PASS">
          <reporter-output>
          </reporter-output>
        </test-method> <!-- startExtendReport -->
        <test-method is-config="true" signature="launchBrowser()[pri:0, instance:testcases.LoginTestCases@10d307f1]" started-at="2026-08-14T01:17:01 IST" name="launchBrowser" finished-at="2026-08-14T01:17:03 IST" duration-ms="2248" status="PASS">
          <reporter-output>
          </reporter-output>
        </test-method> <!-- launchBrowser -->
        <test-method signature="verifySuccessfulLogin()[pri:0, instance:testcases.LoginTestCases@10d307f1]" started-at="2026-08-14T01:17:03 IST" name="verifySuccessfulLogin" description="Verify user can successfully login to Sauce Demo application by valid credentials" finished-at="2026-08-14T01:17:05 IST" duration-ms="1429" status="PASS">
          <reporter-output>
          </reporter-output>
        </test-method> <!-- verifySuccessfulLogin -->
        <test-method is-config="true" signature="closeBrowser()[pri:0, instance:testcases.LoginTestCases@10d307f1]" started-at="2026-08-14T01:17:05 IST" name="closeBrowser" finished-at="2026-08-14T01:17:05 IST" duration-ms="241" status="PASS">
          <reporter-output>
          </reporter-output>
        </test-method> <!-- closeBrowser -->
        <test-method is-config="true" signature="stopReport()[pri:0, instance:testcases.LoginTestCases@10d307f1]" started-at="2026-08-14T01:17:05 IST" name="stopReport" finished-at="2026-08-14T01:17:06 IST" duration-ms="413" status="PASS">
          <reporter-output>
          </reporter-output>
        </test-method> <!-- stopReport -->
      </class> <!-- testcases.LoginTestCases -->
    </test> <!-- Test -->
  </suite> <!-- Suite -->
</testng-results>
