<?xml version="1.0" encoding="UTF-8"?>
<!-- Generated by org.testng.reporters.JUnitReportReporter -->
<testsuite hostname="DESKTOP-KLM4D1V" failures="0" tests="3" name="TestNGConscepts.Demo" time="0.013" errors="0" timestamp="2026-07-22T12:43:17 IST" skipped="0">
  <testcase classname="TestNGConscepts.Demo" name="launchGoogle" time="0.008"/>
  <testcase classname="TestNGConscepts.Demo" name="doMaths" time="0.003"/>
  <testcase classname="TestNGConscepts.Demo" name="testcase3" time="0.002"/>
</testsuite> <!-- TestNGConscepts.Demo -->
